1 0.0
2 0.02
3 0.02
4 0.04
5 0.06
6 0.07
7 0.04
8 0.09
9 0.17
10 0.26
11 0.28
12 0.51
13 0.54
14 0.52
15 0.48
16 0.58
17 0.54
18 0.46
19 0.47
20 0.55
21 0.54
22 0.65
23 0.55
24 0.53
25 0.6
26 0.59
27 0.55
28 0.65
29 0.63
30 0.55
31 0.63
32 0.58
33 0.52
34 0.59
35 0.6
36 0.56
37 0.5
38 0.46
39 0.51
40 0.46
41 0.6
42 0.62
43 0.58
44 0.52
45 0.6
46 0.61
47 0.56
48 0.67
49 0.62
50 0.65
51 0.53
52 0.57
53 0.41
54 0.44
55 0.6
56 0.61
57 0.56
58 0.66
59 0.66
60 0.59
61 0.71
62 0.61
63 0.48
64 0.65
65 0.67
66 0.59
67 0.65
68 0.66
69 0.64
70 0.66
71 0.59
72 0.65
73 0.65
74 0.58
75 0.63
76 0.62
77 0.55
78 0.69
79 0.56
80 0.7
81 0.63
82 0.53
83 0.47
84 0.48
